0 info it worked if it ends with ok
1 verbose cli [ 'C:\\Program Files\\nodejs\\node.exe',
1 verbose cli   'C:\\Program Files\\nodejs\\node_modules\\npm\\bin\\npm-cli.js',
1 verbose cli   'start' ]
2 info using npm@3.10.8
3 info using node@v6.8.1
4 verbose run-script [ 'prestart', 'start', 'poststart' ]
5 info lifecycle SoundCrumbs@0.0.1~prestart: SoundCrumbs@0.0.1
6 silly lifecycle SoundCrumbs@0.0.1~prestart: no script for prestart, continuing
7 info lifecycle SoundCrumbs@0.0.1~start: SoundCrumbs@0.0.1
8 verbose lifecycle SoundCrumbs@0.0.1~start: unsafe-perm in lifecycle true
9 verbose lifecycle SoundCrumbs@0.0.1~start: PATH: C:\Program Files\nodejs\node_modules\npm\bin\node-gyp-bin;C:\Users\vyach\Documents\Tensor\soundcrumbs\node_modules\.bin;C:\ProgramData\Oracle\Java\javapath;C:\Windows\system32;C:\Windows;C:\Windows\System32\Wbem;C:\Windows\System32\WindowsPowerShell\v1.0\;C:\Users\vyach\.dnx\bin;C:\Program Files\Microsoft DNX\Dnvm\;C:\Program Files\Microsoft SQL Server\120\Tools\Binn\;C:\Program Files\Microsoft SQL Server\130\Tools\Binn\;C:\Program Files (x86)\Windows Kits\10\Windows Performance Toolkit\;C:\Program Files (x86)\GtkSharp\2.12\bin;C:\Program Files\Oracle\VirtualBox;C:\Program Files\Git\cmd;C:\Program Files\nodejs\;C:\Program Files (x86)\NVIDIA Corporation\PhysX\Common;C:\Users\vyach\AppData\Local\Microsoft\WindowsApps;C:\Users\vyach\AppData\Roaming\npm
10 verbose lifecycle SoundCrumbs@0.0.1~start: CWD: C:\Users\vyach\Documents\Tensor\soundcrumbs
11 silly lifecycle SoundCrumbs@0.0.1~start: Args: [ '/d /s /c', 'npm run build && node server.js' ]
12 silly lifecycle SoundCrumbs@0.0.1~start: Returned: code: 1  signal: null
13 info lifecycle SoundCrumbs@0.0.1~start: Failed to exec start script
14 verbose stack Error: SoundCrumbs@0.0.1 start: `npm run build && node server.js`
14 verbose stack Exit status 1
14 verbose stack     at EventEmitter.<anonymous> (C:\Program Files\nodejs\node_modules\npm\lib\utils\lifecycle.js:255:16)
14 verbose stack     at emitTwo (events.js:106:13)
14 verbose stack     at EventEmitter.emit (events.js:191:7)
14 verbose stack     at ChildProcess.<anonymous> (C:\Program Files\nodejs\node_modules\npm\lib\utils\spawn.js:40:14)
14 verbose stack     at emitTwo (events.js:106:13)
14 verbose stack     at ChildProcess.emit (events.js:191:7)
14 verbose stack     at maybeClose (internal/child_process.js:877:16)
14 verbose stack     at Process.ChildProcess._handle.onexit (internal/child_process.js:226:5)
15 verbose pkgid SoundCrumbs@0.0.1
16 verbose cwd C:\Users\vyach\Documents\Tensor\soundcrumbs
17 error Windows_NT 10.0.14393
18 error argv "C:\\Program Files\\nodejs\\node.exe" "C:\\Program Files\\nodejs\\node_modules\\npm\\bin\\npm-cli.js" "start"
19 error node v6.8.1
20 error npm  v3.10.8
21 error code ELIFECYCLE
22 error SoundCrumbs@0.0.1 start: `npm run build && node server.js`
22 error Exit status 1
23 error Failed at the SoundCrumbs@0.0.1 start script 'npm run build && node server.js'.
23 error Make sure you have the latest version of node.js and npm installed.
23 error If you do, this is most likely a problem with the SoundCrumbs package,
23 error not with npm itself.
23 error Tell the author that this fails on your system:
23 error     npm run build && node server.js
23 error You can get information on how to open an issue for this project with:
23 error     npm bugs SoundCrumbs
23 error Or if that isn't available, you can get their info via:
23 error     npm owner ls SoundCrumbs
23 error There is likely additional logging output above.
24 verbose exit [ 1, true ]
